<?xml version="1.0" encoding="UTF-8"?>
<!-- Generated by org.testng.reporters.JUnitReportReporter -->
<testsuite skipped="0" hostname="LAPTOP-19BM5E17" name="Testcases.TC1" tests="1" failures="0" timestamp="15 Aug 2017 20:59:30 GMT" time="18.463" errors="0">
  <testcase name="my_test" time="18.463" classname="Testcases.TC1"/>
</testsuite> <!-- Testcases.TC1 -->
